
2014/08/19 09:10:16 [error] [exception.CHttpException.404] exception 'CHttpException' with message 'Unable to resolve the request "favicon.ico".' in /var/www/catalog.oldies/yii-1.1.14.f0fee9/framework/web/CWebApplication.php:286
Stack trace:
#0 /var/www/catalog.oldies/yii-1.1.14.f0fee9/framework/web/CWebApplication.php(141): CWebApplication->runController('favicon.ico')
#1 /var/www/catalog.oldies/yii-1.1.14.f0fee9/framework/base/CApplication.php(180): CWebApplication->processRequest()
#2 /var/www/catalog.oldies/index.php(16): CApplication->run()
#3 {main}
REQUEST_URI=/favicon.ico
---
2014/08/19 10:12:14 [error] [system.db.CDbCommand] CDbCommand::fetchAll() failed: SQLSTATE[HY093]: Invalid parameter number: parameter was not defined. The SQL statement executed was: SELECT `t`.`contentId` AS `t0_c0`, `t`.`organisationId` AS `t0_c1`, `t`.`contentType` AS `t0_c2`, `t`.`contentTitle` AS `t0_c3`, `t`.`contentExplanation` AS `t0_c4`, `t`.`contentIsForSale` AS `t0_c5`, `t`.`contentPrice` AS `t0_c6`, `t`.`contentPriceCurrencyCode` AS `t0_c7`, `t`.`contentReaderGroup` AS `t0_c8`, `t`.`created` AS `t0_c9`, `t`.`organisationName` AS `t0_c10`, `t`.`author` AS `t0_c11`, `categories`.`category_id` AS `t1_c0`, `categories`.`category_name` AS `t1_c1`, `categories`.`organisation_id` AS `t1_c2`, `categories`.`periodical` AS `t1_c3`, `categories`.`parent_category` AS `t1_c4` FROM `content` `t`  LEFT OUTER JOIN `content_categories` `categories_categories` ON (`t`.`contentId`=`categories_categories`.`content_id`) LEFT OUTER JOIN `categories` `categories` ON (`categories`.`category_id`=`categories_categories`.`category_id`)  WHERE ((contentTitle LIKE :anafen 7.sinifcontentTitle ) AND(organisationId=:seviyeorganisationId ) AND(contentType=:epubcontentType )).
in /var/www/catalog.oldies/protected/controllers/ApiController.php (539)
in /var/www/catalog.oldies/index.php (16)
2014/08/19 10:12:14 [error] [exception.CDbException] exception 'CDbException' with message 'CDbCommand failed to execute the SQL statement: SQLSTATE[HY093]: Invalid parameter number: parameter was not defined. The SQL statement executed was: SELECT `t`.`contentId` AS `t0_c0`, `t`.`organisationId` AS `t0_c1`, `t`.`contentType` AS `t0_c2`, `t`.`contentTitle` AS `t0_c3`, `t`.`contentExplanation` AS `t0_c4`, `t`.`contentIsForSale` AS `t0_c5`, `t`.`contentPrice` AS `t0_c6`, `t`.`contentPriceCurrencyCode` AS `t0_c7`, `t`.`contentReaderGroup` AS `t0_c8`, `t`.`created` AS `t0_c9`, `t`.`organisationName` AS `t0_c10`, `t`.`author` AS `t0_c11`, `categories`.`category_id` AS `t1_c0`, `categories`.`category_name` AS `t1_c1`, `categories`.`organisation_id` AS `t1_c2`, `categories`.`periodical` AS `t1_c3`, `categories`.`parent_category` AS `t1_c4` FROM `content` `t`  LEFT OUTER JOIN `content_categories` `categories_categories` ON (`t`.`contentId`=`categories_categories`.`content_id`) LEFT OUTER JOIN `categories` `categories` ON (`categories`.`category_id`=`categories_categories`.`category_id`)  WHERE ((contentTitle LIKE :anafen 7.sinifcontentTitle ) AND(organisationId=:seviyeorganisationId ) AND(contentType=:epubcontentType ))' in /var/www/catalog.oldies/yii-1.1.14.f0fee9/framework/db/CDbCommand.php:543
Stack trace:
#0 /var/www/catalog.oldies/yii-1.1.14.f0fee9/framework/db/CDbCommand.php(396): CDbCommand->queryInternal('fetchAll', Array, Array)
#1 /var/www/catalog.oldies/yii-1.1.14.f0fee9/framework/db/ar/CActiveFinder.php(803): CDbCommand->queryAll()
#2 /var/www/catalog.oldies/yii-1.1.14.f0fee9/framework/db/ar/CActiveFinder.php(437): CJoinElement->runQuery(Object(CJoinQuery))
#3 /var/www/catalog.oldies/yii-1.1.14.f0fee9/framework/db/ar/CActiveFinder.php(68): CJoinElement->find(Object(CDbCriteria))
#4 /var/www/catalog.oldies/yii-1.1.14.f0fee9/framework/db/ar/CActiveRecord.php(1356): CActiveFinder->query(Object(CDbCriteria), true)
#5 /var/www/catalog.oldies/yii-1.1.14.f0fee9/framework/db/ar/CActiveRecord.php(1470): CActiveRecord->query(Object(CDbCriteria), true)
#6 /var/www/catalog.oldies/protected/controllers/ApiController.php(539): CActiveRecord->findAll('(contentTitle L...', Array)
#7 /var/www/catalog.oldies/yii-1.1.14.f0fee9/framework/web/actions/CInlineAction.php(49): ApiController->actionList()
#8 /var/www/catalog.oldies/yii-1.1.14.f0fee9/framework/web/CController.php(308): CInlineAction->runWithParams(Array)
#9 /var/www/catalog.oldies/yii-1.1.14.f0fee9/framework/web/CController.php(286): CController->runAction(Object(CInlineAction))
#10 /var/www/catalog.oldies/yii-1.1.14.f0fee9/framework/web/CController.php(265): CController->runActionWithFilters(Object(CInlineAction), Array)
#11 /var/www/catalog.oldies/yii-1.1.14.f0fee9/framework/web/CWebApplication.php(282): CController->run('list')
#12 /var/www/catalog.oldies/yii-1.1.14.f0fee9/framework/web/CWebApplication.php(141): CWebApplication->runController('api/list')
#13 /var/www/catalog.oldies/yii-1.1.14.f0fee9/framework/base/CApplication.php(180): CWebApplication->processRequest()
#14 /var/www/catalog.oldies/index.php(16): CApplication->run()
#15 {main}
REQUEST_URI=/api/list
---
2014/08/19 10:12:28 [error] [system.db.CDbCommand] CDbCommand::fetchAll() failed: SQLSTATE[HY093]: Invalid parameter number: parameter was not defined. The SQL statement executed was: SELECT `t`.`contentId` AS `t0_c0`, `t`.`organisationId` AS `t0_c1`, `t`.`contentType` AS `t0_c2`, `t`.`contentTitle` AS `t0_c3`, `t`.`contentExplanation` AS `t0_c4`, `t`.`contentIsForSale` AS `t0_c5`, `t`.`contentPrice` AS `t0_c6`, `t`.`contentPriceCurrencyCode` AS `t0_c7`, `t`.`contentReaderGroup` AS `t0_c8`, `t`.`created` AS `t0_c9`, `t`.`organisationName` AS `t0_c10`, `t`.`author` AS `t0_c11`, `categories`.`category_id` AS `t1_c0`, `categories`.`category_name` AS `t1_c1`, `categories`.`organisation_id` AS `t1_c2`, `categories`.`periodical` AS `t1_c3`, `categories`.`parent_category` AS `t1_c4` FROM `content` `t`  LEFT OUTER JOIN `content_categories` `categories_categories` ON (`t`.`contentId`=`categories_categories`.`content_id`) LEFT OUTER JOIN `categories` `categories` ON (`categories`.`category_id`=`categories_categories`.`category_id`)  WHERE ((contentTitle LIKE :7.sinifcontentTitle ) AND(organisationId=:seviyeorganisationId ) AND(contentType=:epubcontentType )).
in /var/www/catalog.oldies/protected/controllers/ApiController.php (539)
in /var/www/catalog.oldies/index.php (16)
2014/08/19 10:12:28 [error] [exception.CDbException] exception 'CDbException' with message 'CDbCommand failed to execute the SQL statement: SQLSTATE[HY093]: Invalid parameter number: parameter was not defined. The SQL statement executed was: SELECT `t`.`contentId` AS `t0_c0`, `t`.`organisationId` AS `t0_c1`, `t`.`contentType` AS `t0_c2`, `t`.`contentTitle` AS `t0_c3`, `t`.`contentExplanation` AS `t0_c4`, `t`.`contentIsForSale` AS `t0_c5`, `t`.`contentPrice` AS `t0_c6`, `t`.`contentPriceCurrencyCode` AS `t0_c7`, `t`.`contentReaderGroup` AS `t0_c8`, `t`.`created` AS `t0_c9`, `t`.`organisationName` AS `t0_c10`, `t`.`author` AS `t0_c11`, `categories`.`category_id` AS `t1_c0`, `categories`.`category_name` AS `t1_c1`, `categories`.`organisation_id` AS `t1_c2`, `categories`.`periodical` AS `t1_c3`, `categories`.`parent_category` AS `t1_c4` FROM `content` `t`  LEFT OUTER JOIN `content_categories` `categories_categories` ON (`t`.`contentId`=`categories_categories`.`content_id`) LEFT OUTER JOIN `categories` `categories` ON (`categories`.`category_id`=`categories_categories`.`category_id`)  WHERE ((contentTitle LIKE :7.sinifcontentTitle ) AND(organisationId=:seviyeorganisationId ) AND(contentType=:epubcontentType ))' in /var/www/catalog.oldies/yii-1.1.14.f0fee9/framework/db/CDbCommand.php:543
Stack trace:
#0 /var/www/catalog.oldies/yii-1.1.14.f0fee9/framework/db/CDbCommand.php(396): CDbCommand->queryInternal('fetchAll', Array, Array)
#1 /var/www/catalog.oldies/yii-1.1.14.f0fee9/framework/db/ar/CActiveFinder.php(803): CDbCommand->queryAll()
#2 /var/www/catalog.oldies/yii-1.1.14.f0fee9/framework/db/ar/CActiveFinder.php(437): CJoinElement->runQuery(Object(CJoinQuery))
#3 /var/www/catalog.oldies/yii-1.1.14.f0fee9/framework/db/ar/CActiveFinder.php(68): CJoinElement->find(Object(CDbCriteria))
#4 /var/www/catalog.oldies/yii-1.1.14.f0fee9/framework/db/ar/CActiveRecord.php(1356): CActiveFinder->query(Object(CDbCriteria), true)
#5 /var/www/catalog.oldies/yii-1.1.14.f0fee9/framework/db/ar/CActiveRecord.php(1470): CActiveRecord->query(Object(CDbCriteria), true)
#6 /var/www/catalog.oldies/protected/controllers/ApiController.php(539): CActiveRecord->findAll('(contentTitle L...', Array)
#7 /var/www/catalog.oldies/yii-1.1.14.f0fee9/framework/web/actions/CInlineAction.php(49): ApiController->actionList()
#8 /var/www/catalog.oldies/yii-1.1.14.f0fee9/framework/web/CController.php(308): CInlineAction->runWithParams(Array)
#9 /var/www/catalog.oldies/yii-1.1.14.f0fee9/framework/web/CController.php(286): CController->runAction(Object(CInlineAction))
#10 /var/www/catalog.oldies/yii-1.1.14.f0fee9/framework/web/CController.php(265): CController->runActionWithFilters(Object(CInlineAction), Array)
#11 /var/www/catalog.oldies/yii-1.1.14.f0fee9/framework/web/CWebApplication.php(282): CController->run('list')
#12 /var/www/catalog.oldies/yii-1.1.14.f0fee9/framework/web/CWebApplication.php(141): CWebApplication->runController('api/list')
#13 /var/www/catalog.oldies/yii-1.1.14.f0fee9/framework/base/CApplication.php(180): CWebApplication->processRequest()
#14 /var/www/catalog.oldies/index.php(16): CApplication->run()
#15 {main}
REQUEST_URI=/api/list
---
